<?xml version="1.0" encoding="UTF-8"?>
<!-- Generated by org.testng.reporters.JUnitXMLReporter -->
<testsuite hostname="LPT797-B1" name="Default test" tests="4" failures="0" timestamp="12 Feb 2022 04:28:25 GMT" time="44.887" errors="0">
  <testcase name="getTitle" time="0.024" classname="com.qyrus.practice.qa.pages.testcases.DashboardPageTestCase"/>
  <testcase name="hoverContacts" time="9.835" classname="com.qyrus.practice.qa.pages.testcases.DashboardPageTestCase"/>
  <testcase name="getShowFilterButton" time="3.156" classname="com.qyrus.practice.qa.pages.testcases.DashboardPageTestCase"/>
  <testcase name="getExportButton" time="2.619" classname="com.qyrus.practice.qa.pages.testcases.DashboardPageTestCase"/>
</testsuite> <!-- Default test -->
