<?xml version="1.0" encoding="UTF-8"?>
<testng-results skipped="2" failed="0" total="10" passed="8">
  <reporter-output>
  </reporter-output>
  <suite name="Practice TestSuite" duration-ms="168324" started-at="2022-02-13T13:35:28Z" finished-at="2022-02-13T13:38:17Z">
    <groups>
    </groups>
    <test name="Practice Test" duration-ms="168324" started-at="2022-02-13T13:35:28Z" finished-at="2022-02-13T13:38:17Z">
      <class name="com.qyrus.practice.qa.pages.testcases.LoginPageTestCase">
        <test-method status="PASS" signature="setUp()[pri:0, instance:com.qyrus.practice.qa.pages.testcases.LoginPageTestCase@6325a3ee]" name="setUp" is-config="true" duration-ms="11455" started-at="2022-02-13T19:05:28Z" finished-at="2022-02-13T19:05:40Z">
          <reporter-output>
          </reporter-output>
        </test-method> <!-- setUp -->
        <test-method status="PASS" signature="getTitle()[pri:1, instance:com.qyrus.practice.qa.pages.testcases.LoginPageTestCase@6325a3ee]" name="getTitle" duration-ms="20" started-at="2022-02-13T19:05:40Z" finished-at="2022-02-13T19:05:40Z">
          <reporter-output>
          </reporter-output>
        </test-method> <!-- getTitle -->
        <test-method status="PASS" signature="terminate()[pri:0, instance:com.qyrus.practice.qa.pages.testcases.LoginPageTestCase@6325a3ee]" name="terminate" is-config="true" duration-ms="773" started-at="2022-02-13T19:05:40Z" finished-at="2022-02-13T19:05:41Z">
          <reporter-output>
          </reporter-output>
        </test-method> <!-- terminate -->
        <test-method status="PASS" signature="setUp()[pri:0, instance:com.qyrus.practice.qa.pages.testcases.LoginPageTestCase@6325a3ee]" name="setUp" is-config="true" duration-ms="4252" started-at="2022-02-13T19:05:41Z" finished-at="2022-02-13T19:05:45Z">
          <reporter-output>
          </reporter-output>
        </test-method> <!-- setUp -->
        <test-method status="PASS" signature="getLogo()[pri:2, instance:com.qyrus.practice.qa.pages.testcases.LoginPageTestCase@6325a3ee]" name="getLogo" duration-ms="4122" started-at="2022-02-13T19:05:45Z" finished-at="2022-02-13T19:05:49Z">
          <reporter-output>
          </reporter-output>
        </test-method> <!-- getLogo -->
        <test-method status="PASS" signature="terminate()[pri:0, instance:com.qyrus.practice.qa.pages.testcases.LoginPageTestCase@6325a3ee]" name="terminate" is-config="true" duration-ms="830" started-at="2022-02-13T19:05:49Z" finished-at="2022-02-13T19:05:50Z">
          <reporter-output>
          </reporter-output>
        </test-method> <!-- terminate -->
        <test-method status="PASS" signature="setUp()[pri:0, instance:com.qyrus.practice.qa.pages.testcases.LoginPageTestCase@6325a3ee]" name="setUp" is-config="true" duration-ms="3340" started-at="2022-02-13T19:05:50Z" finished-at="2022-02-13T19:05:53Z">
          <reporter-output>
          </reporter-output>
        </test-method> <!-- setUp -->
        <test-method status="PASS" signature="setLoginData()[pri:3, instance:com.qyrus.practice.qa.pages.testcases.LoginPageTestCase@6325a3ee]" name="setLoginData" duration-ms="2880" started-at="2022-02-13T19:05:53Z" finished-at="2022-02-13T19:05:56Z">
          <reporter-output>
          </reporter-output>
        </test-method> <!-- setLoginData -->
        <test-method status="PASS" signature="terminate()[pri:0, instance:com.qyrus.practice.qa.pages.testcases.LoginPageTestCase@6325a3ee]" name="terminate" is-config="true" duration-ms="790" started-at="2022-02-13T19:05:56Z" finished-at="2022-02-13T19:05:57Z">
          <reporter-output>
          </reporter-output>
        </test-method> <!-- terminate -->
      </class> <!-- com.qyrus.practice.qa.pages.testcases.LoginPageTestCase -->
      <class name="com.qyrus.practice.qa.pages.testcases.ContactsPageTestCase">
        <test-method status="PASS" signature="setUp()[pri:0, instance:com.qyrus.practice.qa.pages.testcases.ContactsPageTestCase@67b92f0a]" name="setUp" is-config="true" duration-ms="19505" started-at="2022-02-13T19:06:43Z" finished-at="2022-02-13T19:07:02Z">
          <reporter-output>
          </reporter-output>
        </test-method> <!-- setUp -->
        <test-method status="PASS" signature="clickDashboard()[pri:2, instance:com.qyrus.practice.qa.pages.testcases.ContactsPageTestCase@67b92f0a]" name="clickDashboard" duration-ms="2245" started-at="2022-02-13T19:07:02Z" finished-at="2022-02-13T19:07:04Z">
          <reporter-output>
          </reporter-output>
        </test-method> <!-- clickDashboard -->
        <test-method status="PASS" signature="terminate()[pri:0, instance:com.qyrus.practice.qa.pages.testcases.ContactsPageTestCase@67b92f0a]" name="terminate" is-config="true" duration-ms="830" started-at="2022-02-13T19:07:04Z" finished-at="2022-02-13T19:07:05Z">
          <reporter-output>
          </reporter-output>
        </test-method> <!-- terminate -->
        <test-method status="PASS" signature="setUp()[pri:0, instance:com.qyrus.practice.qa.pages.testcases.ContactsPageTestCase@67b92f0a]" name="setUp" is-config="true" duration-ms="21244" started-at="2022-02-13T19:07:06Z" finished-at="2022-02-13T19:07:27Z">
          <reporter-output>
          </reporter-output>
        </test-method> <!-- setUp -->
        <test-method status="PASS" signature="createNewContact(java.lang.String, java.lang.String)[pri:3, instance:com.qyrus.practice.qa.pages.testcases.ContactsPageTestCase@67b92f0a]" name="createNewContact" duration-ms="3267" started-at="2022-02-13T19:07:27Z" data-provider="getTestData" finished-at="2022-02-13T19:07:31Z">
          <params>
            <param index="0">
              <value>
                <![CDATA[Meghana]]>
              </value>
            </param>
            <param index="1">
              <value>
                <![CDATA[K]]>
              </value>
            </param>
          </params>
          <reporter-output>
          </reporter-output>
        </test-method> <!-- createNewContact -->
        <test-method status="PASS" signature="terminate()[pri:0, instance:com.qyrus.practice.qa.pages.testcases.ContactsPageTestCase@67b92f0a]" name="terminate" is-config="true" duration-ms="1063" started-at="2022-02-13T19:07:31Z" finished-at="2022-02-13T19:07:32Z">
          <reporter-output>
          </reporter-output>
        </test-method> <!-- terminate -->
        <test-method status="FAIL" signature="setUp()[pri:0, instance:com.qyrus.practice.qa.pages.testcases.ContactsPageTestCase@67b92f0a]" name="setUp" is-config="true" duration-ms="0" started-at="2022-02-13T19:07:32Z" finished-at="2022-02-13T19:07:32Z">
          <exception class="org.openqa.selenium.TimeoutException">
            <message>
              <![CDATA[timeout: Timed out receiving message from renderer: 39.329
  (Session info: chrome=97.0.4692.99)
Build info: version: '4.1.2', revision: '9a5a329c5a'
System info: host: 'LPT797-B1', ip: '192.168.1.2', os.name: 'Windows 10', os.arch: 'amd64', os.version: '10.0', java.version: '1.8.0_201'
Driver info: org.openqa.selenium.chrome.ChromeDriver
Command: [d8d478edee2cea5c2f4244f5406b2084, get {url=https://ui.cogmento.com/}]
Capabilities {acceptInsecureCerts: false, browserName: chrome, browserVersion: 97.0.4692.99, chrome: {chromedriverVersion: 96.0.4664.45 (76e4c1bb2ab46..., userDataDir: C:\Users\MeghanaK\AppData\L...}, goog:chromeOptions: {debuggerAddress: localhost:53337}, javascriptEnabled: true, networkConnectionEnabled: false, pageLoadStrategy: normal, platform: WINDOWS, platformName: WINDOWS, proxy: Proxy(), se:cdp: ws://localhost:53337/devtoo..., se:cdpVersion: 97.0.4692.99, setWindowRect: true, strictFileInteractability: false, timeouts: {implicit: 0, pageLoad: 300000, script: 30000}, unhandledPromptBehavior: dismiss and notify, webauthn:extension:credBlob: true, webauthn:extension:largeBlob: true, webauthn:virtualAuthenticators: true}
Session ID: d8d478edee2cea5c2f4244f5406b2084]]>
            </message>
            <full-stacktrace>
              <![CDATA[org.openqa.selenium.TimeoutException: timeout: Timed out receiving message from renderer: 39.329
  (Session info: chrome=97.0.4692.99)
Build info: version: '4.1.2', revision: '9a5a329c5a'
System info: host: 'LPT797-B1', ip: '192.168.1.2', os.name: 'Windows 10', os.arch: 'amd64', os.version: '10.0', java.version: '1.8.0_201'
Driver info: org.openqa.selenium.chrome.ChromeDriver
Command: [d8d478edee2cea5c2f4244f5406b2084, get {url=https://ui.cogmento.com/}]
Capabilities {acceptInsecureCerts: false, browserName: chrome, browserVersion: 97.0.4692.99, chrome: {chromedriverVersion: 96.0.4664.45 (76e4c1bb2ab46..., userDataDir: C:\Users\MeghanaK\AppData\L...}, goog:chromeOptions: {debuggerAddress: localhost:53337}, javascriptEnabled: true, networkConnectionEnabled: false, pageLoadStrategy: normal, platform: WINDOWS, platformName: WINDOWS, proxy: Proxy(), se:cdp: ws://localhost:53337/devtoo..., se:cdpVersion: 97.0.4692.99, setWindowRect: true, strictFileInteractability: false, timeouts: {implicit: 0, pageLoad: 300000, script: 30000}, unhandledPromptBehavior: dismiss and notify, webauthn:extension:credBlob: true, webauthn:extension:largeBlob: true, webauthn:virtualAuthenticators: true}
Session ID: d8d478edee2cea5c2f4244f5406b2084
	at sun.reflect.NativeConstructorAccessorImpl.newInstance0(Native Method)
	at sun.reflect.NativeConstructorAccessorImpl.newInstance(NativeConstructorAccessorImpl.java:62)
	at sun.reflect.DelegatingConstructorAccessorImpl.newInstance(DelegatingConstructorAccessorImpl.java:45)
	at java.lang.reflect.Constructor.newInstance(Constructor.java:423)
	at org.openqa.selenium.remote.codec.w3c.W3CHttpResponseCodec.createException(W3CHttpResponseCodec.java:200)
	at org.openqa.selenium.remote.codec.w3c.W3CHttpResponseCodec.decode(W3CHttpResponseCodec.java:133)
	at org.openqa.selenium.remote.codec.w3c.W3CHttpResponseCodec.decode(W3CHttpResponseCodec.java:53)
	at org.openqa.selenium.remote.HttpCommandExecutor.execute(HttpCommandExecutor.java:184)
	at org.openqa.selenium.remote.service.DriverCommandExecutor.invokeExecute(DriverCommandExecutor.java:167)
	at org.openqa.selenium.remote.service.DriverCommandExecutor.execute(DriverCommandExecutor.java:142)
	at org.openqa.selenium.remote.RemoteWebDriver.execute(RemoteWebDriver.java:558)
	at org.openqa.selenium.remote.RemoteWebDriver.get(RemoteWebDriver.java:327)
	at sun.reflect.NativeMethodAccessorImpl.invoke0(Native Method)
	at sun.reflect.NativeMethodAccessorImpl.invoke(NativeMethodAccessorImpl.java:62)
	at sun.reflect.DelegatingMethodAccessorImpl.invoke(DelegatingMethodAccessorImpl.java:43)
	at java.lang.reflect.Method.invoke(Method.java:498)
	at org.openqa.selenium.support.events.EventFiringWebDriver.lambda$new$1(EventFiringWebDriver.java:115)
	at com.sun.proxy.$Proxy13.get(Unknown Source)
	at org.openqa.selenium.support.events.EventFiringWebDriver.get(EventFiringWebDriver.java:175)
	at com.qyrus.practice.qa.parent.PBase.initialization(PBase.java:54)
	at com.qyrus.practice.qa.pages.testcases.ContactsPageTestCase.setUp(ContactsPageTestCase.java:31)
	at sun.reflect.NativeMethodAccessorImpl.invoke0(Native Method)
	at sun.reflect.NativeMethodAccessorImpl.invoke(NativeMethodAccessorImpl.java:62)
	at sun.reflect.DelegatingMethodAccessorImpl.invoke(DelegatingMethodAccessorImpl.java:43)
	at java.lang.reflect.Method.invoke(Method.java:498)
	at org.testng.internal.MethodInvocationHelper.invokeMethod(MethodInvocationHelper.java:100)
	at org.testng.internal.Invoker.invokeConfigurationMethod(Invoker.java:515)
	at org.testng.internal.Invoker.invokeConfigurations(Invoker.java:216)
	at org.testng.internal.Invoker.invokeMethod(Invoker.java:590)
	at org.testng.internal.Invoker.invokeTestMethod(Invoker.java:811)
	at org.testng.internal.Invoker.invokeTestMethods(Invoker.java:1129)
	at org.testng.internal.TestMethodWorker.invokeTestMethods(TestMethodWorker.java:129)
	at org.testng.internal.TestMethodWorker.run(TestMethodWorker.java:112)
	at org.testng.TestRunner.privateRun(TestRunner.java:746)
	at org.testng.TestRunner.run(TestRunner.java:600)
	at org.testng.SuiteRunner.runTest(SuiteRunner.java:366)
	at org.testng.SuiteRunner.runSequentially(SuiteRunner.java:361)
	at org.testng.SuiteRunner.privateRun(SuiteRunner.java:319)
	at org.testng.SuiteRunner.run(SuiteRunner.java:268)
	at org.testng.SuiteRunnerWorker.runSuite(SuiteRunnerWorker.java:52)
	at org.testng.SuiteRunnerWorker.run(SuiteRunnerWorker.java:86)
	at org.testng.TestNG.runSuitesSequentially(TestNG.java:1264)
	at org.testng.TestNG.runSuitesLocally(TestNG.java:1189)
	at org.testng.TestNG.runSuites(TestNG.java:1104)
	at org.testng.TestNG.run(TestNG.java:1076)
	at org.testng.remote.AbstractRemoteTestNG.run(AbstractRemoteTestNG.java:126)
	at org.testng.remote.RemoteTestNG.initAndRun(RemoteTestNG.java:152)
	at org.testng.remote.RemoteTestNG.main(RemoteTestNG.java:57)
]]>
            </full-stacktrace>
          </exception> <!-- org.openqa.selenium.TimeoutException -->
          <reporter-output>
          </reporter-output>
        </test-method> <!-- setUp -->
        <test-method status="SKIP" signature="createNewContact(java.lang.String, java.lang.String)[pri:3, instance:com.qyrus.practice.qa.pages.testcases.ContactsPageTestCase@67b92f0a]" name="createNewContact" duration-ms="0" started-at="2022-02-13T19:08:17Z" data-provider="getTestData" finished-at="2022-02-13T19:08:17Z">
          <params>
            <param index="0">
              <value>
                <![CDATA[Chaithra]]>
              </value>
            </param>
            <param index="1">
              <value>
                <![CDATA[A]]>
              </value>
            </param>
          </params>
          <reporter-output>
          </reporter-output>
        </test-method> <!-- createNewContact -->
        <test-method status="SKIP" signature="createNewContact(java.lang.String, java.lang.String)[pri:3, instance:com.qyrus.practice.qa.pages.testcases.ContactsPageTestCase@67b92f0a]" name="createNewContact" duration-ms="0" started-at="2022-02-13T19:08:17Z" data-provider="getTestData" finished-at="2022-02-13T19:08:17Z">
          <params>
            <param index="0">
              <value>
                <![CDATA[Nandini]]>
              </value>
            </param>
            <param index="1">
              <value>
                <![CDATA[S]]>
              </value>
            </param>
          </params>
          <reporter-output>
          </reporter-output>
        </test-method> <!-- createNewContact -->
        <test-method status="SKIP" signature="setUp()[pri:0, instance:com.qyrus.practice.qa.pages.testcases.ContactsPageTestCase@67b92f0a]" name="setUp" is-config="true" duration-ms="0" started-at="2022-02-13T19:08:17Z" finished-at="2022-02-13T19:08:17Z">
          <reporter-output>
          </reporter-output>
        </test-method> <!-- setUp -->
        <test-method status="SKIP" signature="terminate()[pri:0, instance:com.qyrus.practice.qa.pages.testcases.ContactsPageTestCase@67b92f0a]" name="terminate" is-config="true" duration-ms="0" started-at="2022-02-13T19:08:17Z" finished-at="2022-02-13T19:08:17Z">
          <reporter-output>
          </reporter-output>
        </test-method> <!-- terminate -->
        <test-method status="SKIP" signature="terminate()[pri:0, instance:com.qyrus.practice.qa.pages.testcases.ContactsPageTestCase@67b92f0a]" name="terminate" is-config="true" duration-ms="0" started-at="2022-02-13T19:08:17Z" finished-at="2022-02-13T19:08:17Z">
          <reporter-output>
          </reporter-output>
        </test-method> <!-- terminate -->
      </class> <!-- com.qyrus.practice.qa.pages.testcases.ContactsPageTestCase -->
      <class name="com.qyrus.practice.qa.pages.testcases.HomePageTestCase">
        <test-method status="PASS" signature="setUp()[pri:0, instance:com.qyrus.practice.qa.pages.testcases.HomePageTestCase@1d16f93d]" name="setUp" is-config="true" duration-ms="8855" started-at="2022-02-13T19:05:57Z" finished-at="2022-02-13T19:06:06Z">
          <reporter-output>
          </reporter-output>
        </test-method> <!-- setUp -->
        <test-method status="PASS" signature="getTitle()[pri:1, instance:com.qyrus.practice.qa.pages.testcases.HomePageTestCase@1d16f93d]" name="getTitle" duration-ms="21" started-at="2022-02-13T19:06:06Z" finished-at="2022-02-13T19:06:06Z">
          <reporter-output>
          </reporter-output>
        </test-method> <!-- getTitle -->
        <test-method status="PASS" signature="terminate()[pri:0, instance:com.qyrus.practice.qa.pages.testcases.HomePageTestCase@1d16f93d]" name="terminate" is-config="true" duration-ms="802" started-at="2022-02-13T19:06:06Z" finished-at="2022-02-13T19:06:07Z">
          <reporter-output>
          </reporter-output>
        </test-method> <!-- terminate -->
        <test-method status="PASS" signature="setUp()[pri:0, instance:com.qyrus.practice.qa.pages.testcases.HomePageTestCase@1d16f93d]" name="setUp" is-config="true" duration-ms="8239" started-at="2022-02-13T19:06:07Z" finished-at="2022-02-13T19:06:15Z">
          <reporter-output>
          </reporter-output>
        </test-method> <!-- setUp -->
        <test-method status="PASS" signature="hoverContacts()[pri:2, instance:com.qyrus.practice.qa.pages.testcases.HomePageTestCase@1d16f93d]" name="hoverContacts" duration-ms="8891" started-at="2022-02-13T19:06:15Z" finished-at="2022-02-13T19:06:24Z">
          <reporter-output>
          </reporter-output>
        </test-method> <!-- hoverContacts -->
        <test-method status="PASS" signature="terminate()[pri:0, instance:com.qyrus.practice.qa.pages.testcases.HomePageTestCase@1d16f93d]" name="terminate" is-config="true" duration-ms="1210" started-at="2022-02-13T19:06:24Z" finished-at="2022-02-13T19:06:25Z">
          <reporter-output>
          </reporter-output>
        </test-method> <!-- terminate -->
        <test-method status="PASS" signature="setUp()[pri:0, instance:com.qyrus.practice.qa.pages.testcases.HomePageTestCase@1d16f93d]" name="setUp" is-config="true" duration-ms="7355" started-at="2022-02-13T19:06:25Z" finished-at="2022-02-13T19:06:32Z">
          <reporter-output>
          </reporter-output>
        </test-method> <!-- setUp -->
        <test-method status="PASS" signature="hoverNewContacts()[pri:3, instance:com.qyrus.practice.qa.pages.testcases.HomePageTestCase@1d16f93d]" name="hoverNewContacts" duration-ms="9585" started-at="2022-02-13T19:06:32Z" finished-at="2022-02-13T19:06:42Z">
          <reporter-output>
          </reporter-output>
        </test-method> <!-- hoverNewContacts -->
        <test-method status="PASS" signature="terminate()[pri:0, instance:com.qyrus.practice.qa.pages.testcases.HomePageTestCase@1d16f93d]" name="terminate" is-config="true" duration-ms="820" started-at="2022-02-13T19:06:42Z" finished-at="2022-02-13T19:06:43Z">
          <reporter-output>
          </reporter-output>
        </test-method> <!-- terminate -->
      </class> <!-- com.qyrus.practice.qa.pages.testcases.HomePageTestCase -->
    </test> <!-- Practice Test -->
  </suite> <!-- Practice TestSuite -->
</testng-results>
