<?xml version="1.0" encoding="UTF-8"?>
<!-- Generated by org.testng.reporters.JUnitXMLReporter -->
<testsuite hostname="LPT797-B1" name="Practice Test" tests="10" failures="0" timestamp="13 Feb 2022 13:38:17 GMT" time="168.324" errors="0">
  <testcase name="@BeforeMethod setUp" time="0.0" classname="com.qyrus.practice.qa.pages.testcases.ContactsPageTestCase">
    <failure type="org.openqa.selenium.TimeoutException" message="timeout: Timed out receiving message from renderer: 39.329
  (Session info: chrome=97.0.4692.99)
Build info: version: &amp;apos;4.1.2&amp;apos;, revision: &amp;apos;9a5a329c5a&amp;apos;
System info: host: &amp;apos;LPT797-B1&amp;apos;, ip: &amp;apos;192.168.1.2&amp;apos;, os.name: &amp;apos;Windows 10&amp;apos;, os.arch: &amp;apos;amd64&amp;apos;, os.version: &amp;apos;10.0&amp;apos;, java.version: &amp;apos;1.8.0_201&amp;apos;
Driver info: org.openqa.selenium.chrome.ChromeDriver
Command: [d8d478edee2cea5c2f4244f5406b2084, get {url=https://ui.cogmento.com/}]
Capabilities {acceptInsecureCerts: false, browserName: chrome, browserVersion: 97.0.4692.99, chrome: {chromedriverVersion: 96.0.4664.45 (76e4c1bb2ab46..., userDataDir: C:\Users\MeghanaK\AppData\L...}, goog:chromeOptions: {debuggerAddress: localhost:53337}, javascriptEnabled: true, networkConnectionEnabled: false, pageLoadStrategy: normal, platform: WINDOWS, platformName: WINDOWS, proxy: Proxy(), se:cdp: ws://localhost:53337/devtoo..., se:cdpVersion: 97.0.4692.99, setWindowRect: true, strictFileInteractability: false, timeouts: {implicit: 0, pageLoad: 300000, script: 30000}, unhandledPromptBehavior: dismiss and notify, webauthn:extension:credBlob: true, webauthn:extension:largeBlob: true, webauthn:virtualAuthenticators: true}
Session ID: d8d478edee2cea5c2f4244f5406b2084">
      <![CDATA[org.openqa.selenium.TimeoutException: timeout: Timed out receiving message from renderer: 39.329
  (Session info: chrome=97.0.4692.99)
Build info: version: '4.1.2', revision: '9a5a329c5a'
System info: host: 'LPT797-B1', ip: '192.168.1.2', os.name: 'Windows 10', os.arch: 'amd64', os.version: '10.0', java.version: '1.8.0_201'
Driver info: org.openqa.selenium.chrome.ChromeDriver
Command: [d8d478edee2cea5c2f4244f5406b2084, get {url=https://ui.cogmento.com/}]
Capabilities {acceptInsecureCerts: false, browserName: chrome, browserVersion: 97.0.4692.99, chrome: {chromedriverVersion: 96.0.4664.45 (76e4c1bb2ab46..., userDataDir: C:\Users\MeghanaK\AppData\L...}, goog:chromeOptions: {debuggerAddress: localhost:53337}, javascriptEnabled: true, networkConnectionEnabled: false, pageLoadStrategy: normal, platform: WINDOWS, platformName: WINDOWS, proxy: Proxy(), se:cdp: ws://localhost:53337/devtoo..., se:cdpVersion: 97.0.4692.99, setWindowRect: true, strictFileInteractability: false, timeouts: {implicit: 0, pageLoad: 300000, script: 30000}, unhandledPromptBehavior: dismiss and notify, webauthn:extension:credBlob: true, webauthn:extension:largeBlob: true, webauthn:virtualAuthenticators: true}
Session ID: d8d478edee2cea5c2f4244f5406b2084
	at org.openqa.selenium.remote.codec.w3c.W3CHttpResponseCodec.createException(W3CHttpResponseCodec.java:200)
	at org.openqa.selenium.remote.codec.w3c.W3CHttpResponseCodec.decode(W3CHttpResponseCodec.java:133)
	at org.openqa.selenium.remote.codec.w3c.W3CHttpResponseCodec.decode(W3CHttpResponseCodec.java:53)
	at org.openqa.selenium.remote.HttpCommandExecutor.execute(HttpCommandExecutor.java:184)
	at org.openqa.selenium.remote.service.DriverCommandExecutor.invokeExecute(DriverCommandExecutor.java:167)
	at org.openqa.selenium.remote.service.DriverCommandExecutor.execute(DriverCommandExecutor.java:142)
	at org.openqa.selenium.remote.RemoteWebDriver.execute(RemoteWebDriver.java:558)
	at org.openqa.selenium.remote.RemoteWebDriver.get(RemoteWebDriver.java:327)
	at org.openqa.selenium.support.events.EventFiringWebDriver.lambda$new$1(EventFiringWebDriver.java:115)
	at com.sun.proxy.$Proxy13.get(Unknown Source)
	at org.openqa.selenium.support.events.EventFiringWebDriver.get(EventFiringWebDriver.java:175)
	at com.qyrus.practice.qa.parent.PBase.initialization(PBase.java:54)
	at com.qyrus.practice.qa.pages.testcases.ContactsPageTestCase.setUp(ContactsPageTestCase.java:31)
... Removed 35 stack frames]]>
    </failure>
  </testcase> <!-- @BeforeMethod setUp -->
  <testcase name="@AfterMethod terminate" time="0.0" classname="com.qyrus.practice.qa.pages.testcases.ContactsPageTestCase">
    <skipped/>
  </testcase> <!-- @AfterMethod terminate -->
  <testcase name="@BeforeMethod setUp" time="0.0" classname="com.qyrus.practice.qa.pages.testcases.ContactsPageTestCase">
    <skipped/>
  </testcase> <!-- @BeforeMethod setUp -->
  <testcase name="@AfterMethod terminate" time="0.0" classname="com.qyrus.practice.qa.pages.testcases.ContactsPageTestCase">
    <skipped/>
  </testcase> <!-- @AfterMethod terminate -->
  <testcase name="getTitle" time="0.02" classname="com.qyrus.practice.qa.pages.testcases.LoginPageTestCase"/>
  <testcase name="getLogo" time="4.122" classname="com.qyrus.practice.qa.pages.testcases.LoginPageTestCase"/>
  <testcase name="setLoginData" time="2.88" classname="com.qyrus.practice.qa.pages.testcases.LoginPageTestCase"/>
  <testcase name="getTitle" time="0.021" classname="com.qyrus.practice.qa.pages.testcases.HomePageTestCase"/>
  <testcase name="hoverContacts" time="8.891" classname="com.qyrus.practice.qa.pages.testcases.HomePageTestCase"/>
  <testcase name="hoverNewContacts" time="9.585" classname="com.qyrus.practice.qa.pages.testcases.HomePageTestCase"/>
  <testcase name="clickDashboard" time="2.245" classname="com.qyrus.practice.qa.pages.testcases.ContactsPageTestCase"/>
  <testcase name="createNewContact" time="3.267" classname="com.qyrus.practice.qa.pages.testcases.ContactsPageTestCase"/>
  <testcase name="createNewContact" time="0.0" classname="com.qyrus.practice.qa.pages.testcases.ContactsPageTestCase">
    <skipped/>
  </testcase> <!-- createNewContact -->
  <testcase name="createNewContact" time="0.0" classname="com.qyrus.practice.qa.pages.testcases.ContactsPageTestCase">
    <skipped/>
  </testcase> <!-- createNewContact -->
</testsuite> <!-- Practice Test -->
